▲ Next.js 16.1.6
- Local:         http://localhost:50239
- Network:       http://192.168.23.1:50239

✓ Starting...
✓ Ready in 3.4s

Running 7 tests using 1 worker

🔄 [Migration] Starting database sync...
  ok 1 [chromium] › tests\e2e\attendance-shell.spec.ts:26:7 › Attendance shell @smoke › allows admin to open attendance and switch core sections (18.4s)
[Seed] Admin admin@educore.school has valid Argon2id hash (97 chars).
[Seed] ✅ Admin admin@educore.school is healthy with valid credentials.
✅ [Seed] Roles and permissions seeded successfully.
  ok 2 [chromium] › tests\e2e\attendance-shell.spec.ts:48:7 › Attendance shell @smoke › persists schedule save and holiday create-delete flow (22.6s)
[OBS][settings-auth] {
  at: '2026-03-30T06:32:20.040Z',
  userId: '5b238cb9-b1e5-4fce-a5ab-3b3abe35f4eb',
  userEmail: 'admin@educore.school',
  events: [
    {
      page: 'dashboard/settings',
      sessionStatus: 'authenticated',
      authSource: 'next-auth',
      activeRole: 'admin',
      event: [Object]
    }
  ]
}
  ok 3 [chromium] › tests\e2e\settings-auth.spec.ts:50:7 › Settings/Auth shell @smoke › enforces web sync action boundary and session panel visibility (16.1s)
  ok 4 [chromium] › tests\e2e\settings-auth.spec.ts:74:7 › Settings/Auth shell @smoke › keeps auth source and active identity in sync (9.1s)
ℹ️ [Migration] Legacy schedule table retired after canonical cleanup.
✅ [Migration] Database sync complete!
  ok 5 [chromium] › tests\e2e\settings-auth.spec.ts:84:7 › Settings/Auth shell @smoke › keeps session refresh functional when telemetry endpoint fails (12.2s)
  ok 6 [chromium] › tests\e2e\settings-auth.spec.ts:105:7 › Settings/Auth shell @smoke › keeps change-password form validation honest (11.1s)
[OBS][settings-auth] {
  at: '2026-03-30T06:33:04.430Z',
  userId: '5b238cb9-b1e5-4fce-a5ab-3b3abe35f4eb',
  userEmail: 'admin@educore.school',
  events: [
    {
      page: 'dashboard/settings',
      sessionStatus: 'authenticated',
      authSource: 'next-auth',
      activeRole: 'admin',
      event: [Object]
    }
  ]
}
  ok 7 [chromium] › tests\e2e\settings-auth.spec.ts:136:7 › Settings/Auth shell @smoke › revokes route access after logout (21.1s)

  7 passed (2.0m)
