▲ Next.js 16.1.6
- Local:         http://localhost:55720
- Network:       http://192.168.23.1:55720

✓ Starting...
✓ Ready in 3.6s

Running 6 tests using 1 worker

🔄 [Migration] Starting database sync...
  ok 1 [chromium] › tests\e2e\attendance-shell.spec.ts:26:7 › Attendance shell @smoke › allows admin to open attendance and switch core sections (16.2s)
⚠️ [Migration] schedule.room: SQLITE_UNKNOWN: SQLite error: no such table: schedule
⚠️ [Migration] schedule.version: SQLITE_UNKNOWN: SQLite error: no such table: schedule
⚠️ [Migration] schedule.hlc: SQLITE_UNKNOWN: SQLite error: no such table: schedule
[Seed] Admin admin@educore.school has valid Argon2id hash (97 chars).
[Seed] ✅ Admin admin@educore.school is healthy with valid credentials.
  ok 2 [chromium] › tests\e2e\attendance-shell.spec.ts:48:7 › Attendance shell @smoke › persists schedule save and holiday create-delete flow (20.5s)
✅ [Seed] Roles and permissions seeded successfully.
[OBS][settings-auth] {
  at: '2026-03-30T04:48:20.024Z',
  userId: '5b238cb9-b1e5-4fce-a5ab-3b3abe35f4eb',
  userEmail: 'admin@educore.school',
  events: [
    {
      page: 'dashboard/settings',
      sessionStatus: 'authenticated',
      authSource: 'next-auth',
      activeRole: 'admin',
      event: [Object]
    }
  ]
}
  ok 3 [chromium] › tests\e2e\settings-auth.spec.ts:50:7 › Settings/Auth shell @smoke › enforces web sync action boundary and session panel visibility (20.3s)
  ok 4 [chromium] › tests\e2e\settings-auth.spec.ts:74:7 › Settings/Auth shell @smoke › keeps auth source and active identity in sync (13.1s)
✅ [Migration] Database sync complete!
  ok 5 [chromium] › tests\e2e\settings-auth.spec.ts:84:7 › Settings/Auth shell @smoke › keeps session refresh functional when telemetry endpoint fails (17.7s)
[OBS][settings-auth] {
  at: '2026-03-30T04:49:07.665Z',
  userId: '5b238cb9-b1e5-4fce-a5ab-3b3abe35f4eb',
  userEmail: 'admin@educore.school',
  events: [
    {
      page: 'dashboard/settings',
      sessionStatus: 'authenticated',
      authSource: 'next-auth',
      activeRole: 'admin',
      event: [Object]
    }
  ]
}
[OBS][settings-auth] {
  at: '2026-03-30T04:49:09.963Z',
  userId: '5b238cb9-b1e5-4fce-a5ab-3b3abe35f4eb',
  userEmail: 'admin@educore.school',
  events: [
    {
      page: 'dashboard/settings',
      sessionStatus: 'authenticated',
      authSource: 'next-auth',
      activeRole: 'admin',
      event: [Object]
    }
  ]
}
  x  6 [chromium] › tests\e2e\settings-auth.spec.ts:105:7 › Settings/Auth shell @smoke › refreshes session indicator and revokes route access after logout (25.1s)


  1) [chromium] › tests\e2e\settings-auth.spec.ts:105:7 › Settings/Auth shell @smoke › refreshes session indicator and revokes route access after logout 

    Error: [2mexpect([22m[31mlocator[39m[2m).[22mtoBeVisible[2m([22m[2m)[22m failed

    Locator: getByRole('heading', { name: /Educore/i })
    Expected: visible
    Timeout: 5000ms
    Error: element(s) not found

    Call log:
    [2m  - Expect "toBeVisible" with timeout 5000ms[22m
    [2m  - waiting for getByRole('heading', { name: /Educore/i })[22m


      114 |     await settingsPage.logout();
      115 |     await expect(page).toHaveURL(/\/$/, { timeout: 60_000 });
    > 116 |     await expect(page.getByRole("heading", { name: /Educore/i })).toBeVisible();
          |                                                                   ^
      117 |
      118 |     await page.goto("/dashboard/settings");
      119 |     await expect(page).toHaveURL(/\/(\?.*)?$/, { timeout: 60_000 });
        at e:\Freelance\Project\educore\tests\e2e\settings-auth.spec.ts:116:67

    attachment #1: screenshot (image/png) ──────────────────────────────────────────────────────────
    test-results\settings-auth-Settings-Aut-aeb54-s-route-access-after-logout-chromium\test-failed-1.png
    ────────────────────────────────────────────────────────────────────────────────────────────────

    attachment #2: video (video/webm) ──────────────────────────────────────────────────────────────
    test-results\settings-auth-Settings-Aut-aeb54-s-route-access-after-logout-chromium\video.webm
    ────────────────────────────────────────────────────────────────────────────────────────────────

    attachment #3: trace (application/zip) ─────────────────────────────────────────────────────────
    test-results\settings-auth-Settings-Aut-aeb54-s-route-access-after-logout-chromium\trace.zip
    Usage:

        npx playwright show-trace test-results\settings-auth-Settings-Aut-aeb54-s-route-access-after-logout-chromium\trace.zip

    ────────────────────────────────────────────────────────────────────────────────────────────────

  1 failed
    [chromium] › tests\e2e\settings-auth.spec.ts:105:7 › Settings/Auth shell @smoke › refreshes session indicator and revokes route access after logout 
  5 passed (2.1m)
