▲ Next.js 16.1.6
- Local:         http://localhost:63342
- Network:       http://192.168.23.1:63342

✓ Starting...
✓ Ready in 3.8s

Running 6 tests using 1 worker

🔄 [Migration] Starting database sync...
  ok 1 [chromium] › tests\e2e\attendance-shell.spec.ts:26:7 › Attendance shell @smoke › allows admin to open attendance and switch core sections (23.2s)
[Seed] Admin admin@educore.school has valid Argon2id hash (97 chars).
[Seed] ✅ Admin admin@educore.school is healthy with valid credentials.
✅ [Seed] Roles and permissions seeded successfully.
  ok 2 [chromium] › tests\e2e\attendance-shell.spec.ts:48:7 › Attendance shell @smoke › persists schedule save and holiday create-delete flow (26.1s)
[OBS][settings-auth] {
  at: '2026-03-30T06:06:31.915Z',
  userId: '5b238cb9-b1e5-4fce-a5ab-3b3abe35f4eb',
  userEmail: 'admin@educore.school',
  events: [
    {
      page: 'dashboard/settings',
      sessionStatus: 'authenticated',
      authSource: 'next-auth',
      activeRole: 'admin',
      event: [Object]
    }
  ]
}
  ok 3 [chromium] › tests\e2e\settings-auth.spec.ts:50:7 › Settings/Auth shell @smoke › enforces web sync action boundary and session panel visibility (16.3s)
ℹ️ [Migration] Legacy schedule table retired after canonical cleanup.
✅ [Migration] Database sync complete!
  ok 4 [chromium] › tests\e2e\settings-auth.spec.ts:74:7 › Settings/Auth shell @smoke › keeps auth source and active identity in sync (12.2s)
  ok 5 [chromium] › tests\e2e\settings-auth.spec.ts:84:7 › Settings/Auth shell @smoke › keeps session refresh functional when telemetry endpoint fails (14.1s)
[OBS][settings-auth] {
  at: '2026-03-30T06:07:13.227Z',
  userId: '5b238cb9-b1e5-4fce-a5ab-3b3abe35f4eb',
  userEmail: 'admin@educore.school',
  events: [
    {
      page: 'dashboard/settings',
      sessionStatus: 'authenticated',
      authSource: 'next-auth',
      activeRole: 'admin',
      event: [Object]
    }
  ]
}
  ok 6 [chromium] › tests\e2e\settings-auth.spec.ts:105:7 › Settings/Auth shell @smoke › revokes route access after logout (24.5s)

  6 passed (2.1m)
