▲ Next.js 16.1.6
- Local:         http://localhost:56561
- Network:       http://192.168.23.1:56561

✓ Starting...
✓ Ready in 6.2s

Running 6 tests using 1 worker

🔄 [Migration] Starting database sync...
  ok 1 [chromium] › tests\e2e\attendance-shell.spec.ts:26:7 › Attendance shell @smoke › allows admin to open attendance and switch core sections (32.2s)
[Seed] Admin admin@educore.school has valid Argon2id hash (97 chars).
[Seed] ✅ Admin admin@educore.school is healthy with valid credentials.
✅ [Seed] Roles and permissions seeded successfully.
  ok 2 [chromium] › tests\e2e\attendance-shell.spec.ts:48:7 › Attendance shell @smoke › persists schedule save and holiday create-delete flow (30.6s)
ℹ️ [Migration] Legacy schedule table retired after canonical cleanup.
[OBS][settings-auth] {
  at: '2026-03-30T04:54:14.706Z',
  userId: '5b238cb9-b1e5-4fce-a5ab-3b3abe35f4eb',
  userEmail: 'admin@educore.school',
  events: [
    {
      page: 'dashboard/settings',
      sessionStatus: 'authenticated',
      authSource: 'next-auth',
      activeRole: 'admin',
      event: [Object]
    }
  ]
}
✅ [Migration] Database sync complete!
  ok 3 [chromium] › tests\e2e\settings-auth.spec.ts:50:7 › Settings/Auth shell @smoke › enforces web sync action boundary and session panel visibility (19.5s)
  ok 4 [chromium] › tests\e2e\settings-auth.spec.ts:74:7 › Settings/Auth shell @smoke › keeps auth source and active identity in sync (13.0s)
  x  5 [chromium] › tests\e2e\settings-auth.spec.ts:84:7 › Settings/Auth shell @smoke › keeps session refresh functional when telemetry endpoint fails (36.5s)
[OBS][settings-auth] {
  at: '2026-03-30T04:55:36.473Z',
  userId: '5b238cb9-b1e5-4fce-a5ab-3b3abe35f4eb',
  userEmail: 'admin@educore.school',
  events: [
    {
      page: 'dashboard/settings',
      sessionStatus: 'authenticated',
      authSource: 'next-auth',
      activeRole: 'admin',
      event: [Object]
    }
  ]
}
[OBS][settings-auth] {
  at: '2026-03-30T04:55:41.532Z',
  userId: '5b238cb9-b1e5-4fce-a5ab-3b3abe35f4eb',
  userEmail: 'admin@educore.school',
  events: [
    {
      page: 'dashboard/settings',
      sessionStatus: 'authenticated',
      authSource: 'next-auth',
      activeRole: 'admin',
      event: [Object]
    }
  ]
}
  x  6 [chromium] › tests\e2e\settings-auth.spec.ts:105:7 › Settings/Auth shell @smoke › refreshes session indicator and revokes route access after logout (26.3s)


  1) [chromium] › tests\e2e\settings-auth.spec.ts:84:7 › Settings/Auth shell @smoke › keeps session refresh functional when telemetry endpoint fails 

    Error: [2mexpect([22m[31mlocator[39m[2m).not.[22mtoHaveText[2m([22m[32mexpected[39m[2m)[22m failed

    Locator:  getByTestId('settings-last-session-refresh')
    Expected: not [32m"-"[39m
    Received: [31m"[7m-[27m"[39m
    Timeout:  20000ms

    Call log:
    [2m  - Expect "not toHaveText" with timeout 20000ms[22m
    [2m  - waiting for getByTestId('settings-last-session-refresh')[22m
    [2m    22 × locator resolved to <p class="mt-1 text-zinc-100" data-testid="settings-last-session-refresh">-</p>[22m
    [2m       - unexpected value "-"[22m


       at ..\page-objects\settings-auth-page.ts:169

      167 |     }
      168 |
    > 169 |     await expect(this.lastSessionRefreshCard).not.toHaveText("-", {
          |                                                   ^
      170 |       timeout: 20_000,
      171 |     });
      172 |   }
        at SettingsAuthPage.expectSessionRefreshTimestampUpdated (e:\Freelance\Project\educore\tests\page-objects\settings-auth-page.ts:169:51)
        at e:\Freelance\Project\educore\tests\e2e\settings-auth.spec.ts:102:5

    attachment #1: screenshot (image/png) ──────────────────────────────────────────────────────────
    test-results\settings-auth-Settings-Aut-4b507-en-telemetry-endpoint-fails-chromium\test-failed-1.png
    ────────────────────────────────────────────────────────────────────────────────────────────────

    attachment #2: video (video/webm) ──────────────────────────────────────────────────────────────
    test-results\settings-auth-Settings-Aut-4b507-en-telemetry-endpoint-fails-chromium\video.webm
    ────────────────────────────────────────────────────────────────────────────────────────────────

    Error Context: test-results\settings-auth-Settings-Aut-4b507-en-telemetry-endpoint-fails-chromium\error-context.md

    attachment #4: trace (application/zip) ─────────────────────────────────────────────────────────
    test-results\settings-auth-Settings-Aut-4b507-en-telemetry-endpoint-fails-chromium\trace.zip
    Usage:

        npx playwright show-trace test-results\settings-auth-Settings-Aut-4b507-en-telemetry-endpoint-fails-chromium\trace.zip

    ────────────────────────────────────────────────────────────────────────────────────────────────

  2) [chromium] › tests\e2e\settings-auth.spec.ts:105:7 › Settings/Auth shell @smoke › refreshes session indicator and revokes route access after logout 

    Error: [2mexpect([22m[31mlocator[39m[2m).[22mtoBeVisible[2m([22m[2m)[22m failed

    Locator: getByRole('heading', { name: /Educore/i }).or(getByLabel(/Email \/ Username \/ NIP \/ NIS/i))
    Expected: visible
    Error: strict mode violation: getByRole('heading', { name: /Educore/i }).or(getByLabel(/Email \/ Username \/ NIP \/ NIS/i)) resolved to 2 elements:
        1) <h1 class="text-4xl font-extrabold tracking-tight text-white lg:text-5xl">Educore</h1> aka getByRole('heading', { name: 'Educore' })
        2) <input id="email" required="" type="text" name="email" data-slot="input" placeholder="admin@educore.school, guru, NIP, atau NIS" class="file:text-foreground placeholder:text-muted-foreground selection:bg-primary selection:text-primary-foreground dark:bg-input/30 h-9 w-full min-w-0 rounded-md border px-3 py-1 text-base shadow-xs outline-none file:inline-flex file:h-7 file:border-0 file:bg-transparent file:text-sm file:font-medium disabled:pointer-events-none disabled:cursor-not-allowed disabled:opacit…/> aka getByRole('textbox', { name: 'Email / Username / NIP / NIS' })

    Call log:
    [2m  - Expect "toBeVisible" with timeout 20000ms[22m
    [2m  - waiting for getByRole('heading', { name: /Educore/i }).or(getByLabel(/Email \/ Username \/ NIP \/ NIS/i))[22m


      117 |     await settingsPage.logout();
      118 |     await expect(page).toHaveURL(/\/$/, { timeout: 60_000 });
    > 119 |     await expect(loginShell).toBeVisible({ timeout: 20_000 });
          |                              ^
      120 |
      121 |     await page.goto("/dashboard/settings");
      122 |     await expect(page).toHaveURL(/\/(\?.*)?$/, { timeout: 60_000 });
        at e:\Freelance\Project\educore\tests\e2e\settings-auth.spec.ts:119:30

    attachment #1: screenshot (image/png) ──────────────────────────────────────────────────────────
    test-results\settings-auth-Settings-Aut-aeb54-s-route-access-after-logout-chromium\test-failed-1.png
    ────────────────────────────────────────────────────────────────────────────────────────────────

    attachment #2: video (video/webm) ──────────────────────────────────────────────────────────────
    test-results\settings-auth-Settings-Aut-aeb54-s-route-access-after-logout-chromium\video.webm
    ────────────────────────────────────────────────────────────────────────────────────────────────

    Error Context: test-results\settings-auth-Settings-Aut-aeb54-s-route-access-after-logout-chromium\error-context.md

    attachment #4: trace (application/zip) ─────────────────────────────────────────────────────────
    test-results\settings-auth-Settings-Aut-aeb54-s-route-access-after-logout-chromium\trace.zip
    Usage:

        npx playwright show-trace test-results\settings-auth-Settings-Aut-aeb54-s-route-access-after-logout-chromium\trace.zip

    ────────────────────────────────────────────────────────────────────────────────────────────────

  2 failed
    [chromium] › tests\e2e\settings-auth.spec.ts:84:7 › Settings/Auth shell @smoke › keeps session refresh functional when telemetry endpoint fails 
    [chromium] › tests\e2e\settings-auth.spec.ts:105:7 › Settings/Auth shell @smoke › refreshes session indicator and revokes route access after logout 
  4 passed (3.1m)
^C