▲ Next.js 16.1.6
- Local:         http://localhost:58322
- Network:       http://192.168.23.1:58322

✓ Starting...
✓ Ready in 3.9s

Running 6 tests using 1 worker

🔄 [Migration] Starting database sync...
  ok 1 [chromium] › tests\e2e\attendance-shell.spec.ts:26:7 › Attendance shell @smoke › allows admin to open attendance and switch core sections (22.9s)
[Seed] Admin admin@educore.school has valid Argon2id hash (97 chars).
[Seed] ✅ Admin admin@educore.school is healthy with valid credentials.
✅ [Seed] Roles and permissions seeded successfully.
  ok 2 [chromium] › tests\e2e\attendance-shell.spec.ts:48:7 › Attendance shell @smoke › persists schedule save and holiday create-delete flow (25.8s)
[OBS][settings-auth] {
  at: '2026-03-30T05:11:56.693Z',
  userId: '5b238cb9-b1e5-4fce-a5ab-3b3abe35f4eb',
  userEmail: 'admin@educore.school',
  events: [
    {
      page: 'dashboard/settings',
      sessionStatus: 'authenticated',
      authSource: 'next-auth',
      activeRole: 'admin',
      event: [Object]
    }
  ]
}
  ok 3 [chromium] › tests\e2e\settings-auth.spec.ts:50:7 › Settings/Auth shell @smoke › enforces web sync action boundary and session panel visibility (18.6s)
ℹ️ [Migration] Legacy schedule table retired after canonical cleanup.
✅ [Migration] Database sync complete!
  ok 4 [chromium] › tests\e2e\settings-auth.spec.ts:74:7 › Settings/Auth shell @smoke › keeps auth source and active identity in sync (11.8s)
  ok 5 [chromium] › tests\e2e\settings-auth.spec.ts:84:7 › Settings/Auth shell @smoke › keeps session refresh functional when telemetry endpoint fails (13.7s)
[OBS][settings-auth] {
  at: '2026-03-30T05:12:39.973Z',
  userId: '5b238cb9-b1e5-4fce-a5ab-3b3abe35f4eb',
  userEmail: 'admin@educore.school',
  events: [
    {
      page: 'dashboard/settings',
      sessionStatus: 'authenticated',
      authSource: 'next-auth',
      activeRole: 'admin',
      event: [Object]
    }
  ]
}
[OBS][settings-auth] {
  at: '2026-03-30T05:12:41.922Z',
  userId: '5b238cb9-b1e5-4fce-a5ab-3b3abe35f4eb',
  userEmail: 'admin@educore.school',
  events: [
    {
      page: 'dashboard/settings',
      sessionStatus: 'authenticated',
      authSource: 'next-auth',
      activeRole: 'admin',
      event: [Object]
    }
  ]
}
  x  6 [chromium] › tests\e2e\settings-auth.spec.ts:105:7 › Settings/Auth shell @smoke › refreshes session indicator and revokes route access after logout (38.7s)


  1) [chromium] › tests\e2e\settings-auth.spec.ts:105:7 › Settings/Auth shell @smoke › refreshes session indicator and revokes route access after logout 

    Error: [2mexpect([22m[31mlocator[39m[2m).not.[22mtoHaveText[2m([22m[32mexpected[39m[2m)[22m failed

    Locator:  getByTestId('settings-last-session-refresh')
    Expected: not [32m"-"[39m
    Received: [31m"[7m-[27m"[39m
    Timeout:  20000ms

    Call log:
    [2m  - Expect "not toHaveText" with timeout 20000ms[22m
    [2m  - waiting for getByTestId('settings-last-session-refresh')[22m
    [2m    22 × locator resolved to <p class="mt-1 text-zinc-100" data-testid="settings-last-session-refresh">-</p>[22m
    [2m       - unexpected value "-"[22m


       at ..\page-objects\settings-auth-page.ts:173

      171 |     });
      172 |
    > 173 |     await expect(this.lastSessionRefreshCard).not.toHaveText("-", {
          |                                                   ^
      174 |       timeout: 20_000,
      175 |     });
      176 |   }
        at SettingsAuthPage.expectSessionRefreshTimestampUpdated (e:\Freelance\Project\educore\tests\page-objects\settings-auth-page.ts:173:51)
        at e:\Freelance\Project\educore\tests\e2e\settings-auth.spec.ts:115:5

    attachment #1: screenshot (image/png) ──────────────────────────────────────────────────────────
    test-results\settings-auth-Settings-Aut-aeb54-s-route-access-after-logout-chromium\test-failed-1.png
    ────────────────────────────────────────────────────────────────────────────────────────────────

    attachment #2: video (video/webm) ──────────────────────────────────────────────────────────────
    test-results\settings-auth-Settings-Aut-aeb54-s-route-access-after-logout-chromium\video.webm
    ────────────────────────────────────────────────────────────────────────────────────────────────

    Error Context: test-results\settings-auth-Settings-Aut-aeb54-s-route-access-after-logout-chromium\error-context.md

    attachment #4: trace (application/zip) ─────────────────────────────────────────────────────────
    test-results\settings-auth-Settings-Aut-aeb54-s-route-access-after-logout-chromium\trace.zip
    Usage:

        npx playwright show-trace test-results\settings-auth-Settings-Aut-aeb54-s-route-access-after-logout-chromium\trace.zip

    ────────────────────────────────────────────────────────────────────────────────────────────────

  1 failed
    [chromium] › tests\e2e\settings-auth.spec.ts:105:7 › Settings/Auth shell @smoke › refreshes session indicator and revokes route access after logout 
  5 passed (2.4m)
